<?xml version="1.0" encoding="UTF-8"?>
<!-- Generated by org.testng.reporters.JUnitXMLReporter -->
<testsuite ignored="0" hostname="DESKTOP-SPMQ7HF" failures="0" tests="3" name="Test" time="12.635" errors="0" timestamp="2024-12-20T08:19:23 IST">
  <testcase classname="com.incubyte.Login_HappyPath" name="HappyPath_TC01" time="9.07"/>
  <testcase classname="com.incubyte.Login_HappyPath" name="HappyPath_TC02" time="1.748"/>
  <testcase classname="com.incubyte.Login_HappyPath" name="HappyPath_TC03" time="1.786"/>
</testsuite> <!-- Test -->
