<?xml version="1.0" encoding="UTF-8"?>
<testng-results ignored="0" total="3" passed="3" failed="0" skipped="0">
  <reporter-output>
  </reporter-output>
  <suite started-at="2024-12-20T08:19:10 IST" name="Suite" finished-at="2024-12-20T08:19:23 IST" duration-ms="12635">
    <groups>
    </groups>
    <test started-at="2024-12-20T08:19:10 IST" name="Test" finished-at="2024-12-20T08:19:23 IST" duration-ms="12635">
      <class name="com.incubyte.Login_HappyPath">
        <test-method signature="HappyPath_TC01()[pri:1, instance:com.incubyte.Login_HappyPath@32ee6fee]" started-at="2024-12-20T08:19:10 IST" name="HappyPath_TC01" finished-at="2024-12-20T08:19:19 IST" duration-ms="9070" status="PASS">
          <reporter-output>
          </reporter-output>
        </test-method> <!-- HappyPath_TC01 -->
        <test-method signature="HappyPath_TC02()[pri:2, instance:com.incubyte.Login_HappyPath@32ee6fee]" started-at="2024-12-20T08:19:19 IST" name="HappyPath_TC02" finished-at="2024-12-20T08:19:21 IST" duration-ms="1748" status="PASS">
          <reporter-output>
          </reporter-output>
        </test-method> <!-- HappyPath_TC02 -->
        <test-method signature="HappyPath_TC03()[pri:3, instance:com.incubyte.Login_HappyPath@32ee6fee]" started-at="2024-12-20T08:19:21 IST" name="HappyPath_TC03" finished-at="2024-12-20T08:19:23 IST" duration-ms="1786" status="PASS">
          <reporter-output>
          </reporter-output>
        </test-method> <!-- HappyPath_TC03 -->
      </class> <!-- com.incubyte.Login_HappyPath -->
    </test> <!-- Test -->
  </suite> <!-- Suite -->
</testng-results>
